2023-06-02 17:15:12,147 ERROR org.springframework.boot.SpringApplication [restartedMain] Application run failed
org.springframework.context.ApplicationContextException: Failed to start bean 'documentationPluginsBootstrapper'; nested exception is java.lang.NullPointerException
	at org.springframework.context.support.DefaultLifecycleProcessor.doStart(DefaultLifecycleProcessor.java:181)
	at org.springframework.context.support.DefaultLifecycleProcessor.access$200(DefaultLifecycleProcessor.java:54)
	at org.springframework.context.support.DefaultLifecycleProcessor$LifecycleGroup.start(DefaultLifecycleProcessor.java:356)
	at java.base/java.lang.Iterable.forEach(Iterable.java:75)
	at org.springframework.context.support.DefaultLifecycleProcessor.startBeans(DefaultLifecycleProcessor.java:155)
	at org.springframework.context.support.DefaultLifecycleProcessor.onRefresh(DefaultLifecycleProcessor.java:123)
	at org.springframework.context.support.AbstractApplicationContext.finishRefresh(AbstractApplicationContext.java:935)
	at org.springframework.context.support.AbstractApplicationContext.refresh(AbstractApplicationContext.java:586)
	at org.springframework.boot.web.servlet.context.ServletWebServerApplicationContext.refresh(ServletWebServerApplicationContext.java:145)
	at org.springframework.boot.SpringApplication.refresh(SpringApplication.java:730)
	at org.springframework.boot.SpringApplication.refreshContext(SpringApplication.java:412)
	at org.springframework.boot.SpringApplication.run(SpringApplication.java:302)
	at org.springframework.boot.SpringApplication.run(SpringApplication.java:1301)
	at org.springframework.boot.SpringApplication.run(SpringApplication.java:1290)
	at com.onpassive.otracker.LoginWithJwtApplication.main(LoginWithJwtApplication.java:13)
	at java.base/jdk.internal.reflect.NativeMethodAccessorImpl.invoke0(Native Method)
	at java.base/jdk.internal.reflect.NativeMethodAccessorImpl.invoke(NativeMethodAccessorImpl.java:62)
	at java.base/jdk.internal.reflect.DelegatingMethodAccessorImpl.invoke(DelegatingMethodAccessorImpl.java:43)
	at java.base/java.lang.reflect.Method.invoke(Method.java:566)
	at org.springframework.boot.devtools.restart.RestartLauncher.run(RestartLauncher.java:49)
Caused by: java.lang.NullPointerException: null
	at springfox.documentation.spi.service.contexts.Orderings$8.compare(Orderings.java:113)
	at springfox.documentation.spi.service.contexts.Orderings$8.compare(Orderings.java:110)
	at com.google.common.collect.ComparatorOrdering.compare(ComparatorOrdering.java:38)
	at java.base/java.util.TimSort.countRunAndMakeAscending(TimSort.java:355)
	at java.base/java.util.TimSort.sort(TimSort.java:220)
	at java.base/java.util.Arrays.sort(Arrays.java:1441)
	at com.google.common.collect.Ordering.sortedCopy(Ordering.java:817)
	at springfox.documentation.spring.web.plugins.WebMvcRequestHandlerProvider.requestHandlers(WebMvcRequestHandlerProvider.java:52)
	at springfox.documentation.spring.web.plugins.DocumentationPluginsBootstrapper$2.apply(DocumentationPluginsBootstrapper.java:129)
	at springfox.documentation.spring.web.plugins.DocumentationPluginsBootstrapper$2.apply(DocumentationPluginsBootstrapper.java:126)
	at com.google.common.collect.Iterators$8.transform(Iterators.java:799)
	at com.google.common.collect.TransformedIterator.next(TransformedIterator.java:48)
	at com.google.common.collect.TransformedIterator.next(TransformedIterator.java:48)
	at com.google.common.collect.Iterators$5.hasNext(Iterators.java:548)
	at com.google.common.collect.ImmutableList.copyOf(ImmutableList.java:268)
	at com.google.common.collect.ImmutableList.copyOf(ImmutableList.java:226)
	at com.google.common.collect.FluentIterable.toList(FluentIterable.java:373)
	at springfox.documentation.spring.web.plugins.DocumentationPluginsBootstrapper.defaultContextBuilder(DocumentationPluginsBootstrapper.java:100)
	at springfox.documentation.spring.web.plugins.DocumentationPluginsBootstrapper.buildContext(DocumentationPluginsBootstrapper.java:91)
	at springfox.documentation.spring.web.plugins.DocumentationPluginsBootstrapper.start(DocumentationPluginsBootstrapper.java:154)
	at org.springframework.context.support.DefaultLifecycleProcessor.doStart(DefaultLifecycleProcessor.java:178)
	... 19 common frames omitted
2023-06-02 17:15:13,649 INFO com.onpassive.otracker.LoginWithJwtApplication [restartedMain] Starting LoginWithJwtApplication using Java 11.0.8 on DESKTOP-VIAST9V with PID 10928 (E:\LoginWithJWT\target\classes started by Anish Yadav in E:\LoginWithJWT)
2023-06-02 17:15:13,649 DEBUG com.onpassive.otracker.LoginWithJwtApplication [restartedMain] Running with Spring Boot v2.6.2, Spring v5.3.14
2023-06-02 17:15:13,649 INFO com.onpassive.otracker.LoginWithJwtApplication [restartedMain] No active profile set, falling back to default profiles: default
2023-06-02 17:15:14,567 DEBUG com.onpassive.otracker.filter.JwtFilter [restartedMain] Filter 'jwtFilter' configured for use
2023-06-02 17:15:15,046 INFO com.onpassive.otracker.LoginWithJwtApplication [restartedMain] Started LoginWithJwtApplication in 1.451 seconds (JVM running for 386.312)
2023-06-02 17:15:37,823 INFO com.onpassive.otracker.LoginWithJwtApplication [restartedMain] Starting LoginWithJwtApplication using Java 11.0.8 on DESKTOP-VIAST9V with PID 12360 (E:\LoginWithJWT\target\classes started by Anish Yadav in E:\LoginWithJWT)
2023-06-02 17:15:37,847 DEBUG com.onpassive.otracker.LoginWithJwtApplication [restartedMain] Running with Spring Boot v2.6.2, Spring v5.3.14
2023-06-02 17:15:37,848 INFO com.onpassive.otracker.LoginWithJwtApplication [restartedMain] No active profile set, falling back to default profiles: default
